-------------------------------------------------------------------------------
Test set: ec.edu.espe.urbanizationtreasury.controller.ResidentControllerTest
-------------------------------------------------------------------------------
Tests run: 2, Failures: 1, Errors: 0, Skipped: 0, Time elapsed: 0.068 s <<< FAILURE! - in ec.edu.espe.urbanizationtreasury.controller.ResidentControllerTest
testToDocument  Time elapsed: 0.059 s  <<< FAILURE!
org.opentest4j.AssertionFailedError: The test case is a prototype.
	at ec.edu.espe.urbanizationtreasury.controller.ResidentControllerTest.testToDocument(ResidentControllerTest.java:42)

