<?xml version="1.0" encoding="UTF-8"?>
<testsuite xmlns:xsi="http://www.w3.org/2001/XMLSchema-instance" xsi:noNamespaceSchemaLocation="https://maven.apache.org/surefire/maven-surefire-plugin/xsd/surefire-test-report.xsd" name="ec.edu.espe.urbanizationtreasury.controller.PaymentControllerTest" time="4.214" tests="5" errors="4" skipped="0" failures="0">
  <properties>
[...]
</properties>
  <testcase name="testUpdatePaymentToDelete" classname="ec.edu.espe.urbanizationtreasury.controller.PaymentControllerTest" time="0.464">
    <error message="Cannot invoke &quot;javax.swing.table.DefaultTableModel.getDataVector()&quot; because &quot;model&quot; is null" type="java.lang.NullPointerException">java.lang.NullPointerException: Cannot invoke "javax.swing.table.DefaultTableModel.getDataVector()" because "model" is null
	at ec.edu.espe.urbanizationtreasury.controller.PaymentControllerTest.testUpdatePaymentToDelete(PaymentControllerTest.java:56)
</error>
    <system-out><![CDATA[updatePaymentToDelete
]]></system-out>
  </testcase>
  <testcase name="testPaymentTypeSelected" classname="ec.edu.espe.urbanizationtreasury.controller.PaymentControllerTest" time="3.666"/>
  <testcase name="testAddNewPayment" classname="ec.edu.espe.urbanizationtreasury.controller.PaymentControllerTest" time="0.037">
    <error message="Cannot invoke &quot;javax.swing.JTextField.getText()&quot; because &quot;txtId&quot; is null" type="java.lang.NullPointerException">java.lang.NullPointerException: Cannot invoke "javax.swing.JTextField.getText()" because "txtId" is null
	at ec.edu.espe.urbanizationtreasury.controller.PaymentControllerTest.testAddNewPayment(PaymentControllerTest.java:99)
</error>
    <system-out><![CDATA[addNewPayment
]]></system-out>
  </testcase>
  <testcase name="testSearchPaymentToDelete" classname="ec.edu.espe.urbanizationtreasury.controller.PaymentControllerTest" time="0.019">
    <error message="Cannot invoke &quot;javax.swing.JTextField.getText()&quot; because &quot;txtId&quot; is null" type="java.lang.NullPointerException">java.lang.NullPointerException: Cannot invoke "javax.swing.JTextField.getText()" because "txtId" is null
	at ec.edu.espe.urbanizationtreasury.controller.PaymentControllerTest.testSearchPaymentToDelete(PaymentControllerTest.java:36)
</error>
    <system-out><![CDATA[searchPaymentToDelete
]]></system-out>
  </testcase>
  <testcase name="testSelectPaymentType" classname="ec.edu.espe.urbanizationtreasury.controller.PaymentControllerTest" time="0.021">
    <error message="Cannot invoke &quot;javax.swing.ButtonGroup.add(javax.swing.AbstractButton)&quot; because &quot;bgPaymentType&quot; is null" type="java.lang.NullPointerException">java.lang.NullPointerException: Cannot invoke "javax.swing.ButtonGroup.add(javax.swing.AbstractButton)" because "bgPaymentType" is null
	at ec.edu.espe.urbanizationtreasury.controller.PaymentControllerTest.testSelectPaymentType(PaymentControllerTest.java:74)
</error>
    <system-out><![CDATA[selectPaymentType
]]></system-out>
  </testcase>
</testsuite>